Compiling the C compiler identification source file "CMakeCCompilerId.c" failed.
Compiler: /Library/Developer/CommandLineTools/usr/bin/cc 
Build flags: 
Id flags:  

The output was:
1
ld: library not found for -lSystem
clang: error: linker command failed with exit code 1 (use -v to see invocation)


Compiling the CXX compiler identification source file "CMakeCXXCompilerId.cpp" failed.
Compiler: /Library/Developer/CommandLineTools/usr/bin/c++ 
Build flags: 
Id flags:  

The output was:
1
ld: library not found for -lc++
clang: error: linker command failed with exit code 1 (use -v to see invocation)


Performing C++ SOURCE FILE Test COMPILER_SUPPORT_Wlogicalop failed with the following output:
Change Dir: /Users/suo/Desktop/proj_math458/PCSC-EigenvalueProblems/cmake-build-debug/CMakeFiles/CMakeTmp

Run Build Command(s):/Applications/CLion.app/Contents/bin/ninja/mac/ninja cmTC_1e4d0 && [1/2] Building CXX object CMakeFiles/cmTC_1e4d0.dir/src.cxx.o
FAILED: CMakeFiles/cmTC_1e4d0.dir/src.cxx.o 
/Library/Developer/CommandLineTools/usr/bin/c++ -DCOMPILER_SUPPORT_Wlogicalop  -std=c++03 -pedantic -Wall -Wextra -Wundef -Wcast-align -Wchar-subscripts -Wnon-virtual-dtor -Wunused-local-typedefs -Wpointer-arith -Wwrite-strings -Wformat-security -Wshorten-64-to-32 -Werror -arch x86_64 -isysroot /Library/Developer/CommandLineTools/SDKs/MacOSX11.3.sdk -mmacosx-version-min=11.2   -Wlogical-op -MD -MT CMakeFiles/cmTC_1e4d0.dir/src.cxx.o -MF CMakeFiles/cmTC_1e4d0.dir/src.cxx.o.d -o CMakeFiles/cmTC_1e4d0.dir/src.cxx.o -c /Users/suo/Desktop/proj_math458/PCSC-EigenvalueProblems/cmake-build-debug/CMakeFiles/CMakeTmp/src.cxx
error: unknown warning option '-Wlogical-op'; did you mean '-Wlong-long'? [-Werror,-Wunknown-warning-option]
ninja: build stopped: subcommand failed.


Source file was:
int main() { return 0; }
Performing C++ SOURCE FILE Test COMPILER_SUPPORT_wd981 failed with the following output:
Change Dir: /Users/suo/Desktop/proj_math458/PCSC-EigenvalueProblems/cmake-build-debug/CMakeFiles/CMakeTmp

Run Build Command(s):/Applications/CLion.app/Contents/bin/ninja/mac/ninja cmTC_a5bf2 && [1/2] Building CXX object CMakeFiles/cmTC_a5bf2.dir/src.cxx.o
FAILED: CMakeFiles/cmTC_a5bf2.dir/src.cxx.o 
/Library/Developer/CommandLineTools/usr/bin/c++ -DCOMPILER_SUPPORT_wd981  -std=c++03 -pedantic -Wall -Wextra -Wundef -Wcast-align -Wchar-subscripts -Wnon-virtual-dtor -Wunused-local-typedefs -Wpointer-arith -Wwrite-strings -Wformat-security -Wshorten-64-to-32 -Wenum-conversion -Wc++11-extensions -Wdouble-promotion -Wshadow -Wno-psabi -Wno-variadic-macros -Wno-long-long -fno-check-new -fno-common -fstrict-aliasing -Werror -arch x86_64 -isysroot /Library/Developer/CommandLineTools/SDKs/MacOSX11.3.sdk -mmacosx-version-min=11.2   -wd981 -MD -MT CMakeFiles/cmTC_a5bf2.dir/src.cxx.o -MF CMakeFiles/cmTC_a5bf2.dir/src.cxx.o.d -o CMakeFiles/cmTC_a5bf2.dir/src.cxx.o -c /Users/suo/Desktop/proj_math458/PCSC-EigenvalueProblems/cmake-build-debug/CMakeFiles/CMakeTmp/src.cxx
clang: error: unknown argument: '-wd981'
ninja: build stopped: subcommand failed.


Source file was:
int main() { return 0; }
Performing C++ SOURCE FILE Test COMPILER_SUPPORT_wd2304 failed with the following output:
Change Dir: /Users/suo/Desktop/proj_math458/PCSC-EigenvalueProblems/cmake-build-debug/CMakeFiles/CMakeTmp

Run Build Command(s):/Applications/CLion.app/Contents/bin/ninja/mac/ninja cmTC_6d0c9 && [1/2] Building CXX object CMakeFiles/cmTC_6d0c9.dir/src.cxx.o
FAILED: CMakeFiles/cmTC_6d0c9.dir/src.cxx.o 
/Library/Developer/CommandLineTools/usr/bin/c++ -DCOMPILER_SUPPORT_wd2304  -std=c++03 -pedantic -Wall -Wextra -Wundef -Wcast-align -Wchar-subscripts -Wnon-virtual-dtor -Wunused-local-typedefs -Wpointer-arith -Wwrite-strings -Wformat-security -Wshorten-64-to-32 -Wenum-conversion -Wc++11-extensions -Wdouble-promotion -Wshadow -Wno-psabi -Wno-variadic-macros -Wno-long-long -fno-check-new -fno-common -fstrict-aliasing -Werror -arch x86_64 -isysroot /Library/Developer/CommandLineTools/SDKs/MacOSX11.3.sdk -mmacosx-version-min=11.2   -wd2304 -MD -MT CMakeFiles/cmTC_6d0c9.dir/src.cxx.o -MF CMakeFiles/cmTC_6d0c9.dir/src.cxx.o.d -o CMakeFiles/cmTC_6d0c9.dir/src.cxx.o -c /Users/suo/Desktop/proj_math458/PCSC-EigenvalueProblems/cmake-build-debug/CMakeFiles/CMakeTmp/src.cxx
clang: error: unknown argument: '-wd2304'
ninja: build stopped: subcommand failed.


Source file was:
int main() { return 0; }
Performing C++ SOURCE FILE Test COMPILER_SUPPORT_STRICTANSI failed with the following output:
Change Dir: /Users/suo/Desktop/proj_math458/PCSC-EigenvalueProblems/cmake-build-debug/CMakeFiles/CMakeTmp

Run Build Command(s):/Applications/CLion.app/Contents/bin/ninja/mac/ninja cmTC_90dea && [1/2] Building CXX object CMakeFiles/cmTC_90dea.dir/src.cxx.o
FAILED: CMakeFiles/cmTC_90dea.dir/src.cxx.o 
/Library/Developer/CommandLineTools/usr/bin/c++ -DCOMPILER_SUPPORT_STRICTANSI  -std=c++03 -pedantic -Wall -Wextra -Wundef -Wcast-align -Wchar-subscripts -Wnon-virtual-dtor -Wunused-local-typedefs -Wpointer-arith -Wwrite-strings -Wformat-security -Wshorten-64-to-32 -Wenum-conversion -Wc++11-extensions -Wdouble-promotion -Wshadow -Wno-psabi -Wno-variadic-macros -Wno-long-long -fno-check-new -fno-common -fstrict-aliasing -Werror -arch x86_64 -isysroot /Library/Developer/CommandLineTools/SDKs/MacOSX11.3.sdk -mmacosx-version-min=11.2   -strict-ansi -MD -MT CMakeFiles/cmTC_90dea.dir/src.cxx.o -MF CMakeFiles/cmTC_90dea.dir/src.cxx.o.d -o CMakeFiles/cmTC_90dea.dir/src.cxx.o -c /Users/suo/Desktop/proj_math458/PCSC-EigenvalueProblems/cmake-build-debug/CMakeFiles/CMakeTmp/src.cxx
clang: error: unknown argument: '-strict-ansi'
ninja: build stopped: subcommand failed.


Source file was:
int main() { return 0; }
Performing C++ SOURCE FILE Test COMPILER_SUPPORT_OPENMP failed with the following output:
Change Dir: /Users/suo/Desktop/proj_math458/PCSC-EigenvalueProblems/cmake-build-debug/CMakeFiles/CMakeTmp

Run Build Command(s):/Applications/CLion.app/Contents/bin/ninja/mac/ninja cmTC_ba6ba && [1/2] Building CXX object CMakeFiles/cmTC_ba6ba.dir/src.cxx.o
FAILED: CMakeFiles/cmTC_ba6ba.dir/src.cxx.o 
/Library/Developer/CommandLineTools/usr/bin/c++ -DCOMPILER_SUPPORT_OPENMP  -std=c++03 -pedantic -Wall -Wextra -Wundef -Wcast-align -Wchar-subscripts -Wnon-virtual-dtor -Wunused-local-typedefs -Wpointer-arith -Wwrite-strings -Wformat-security -Wshorten-64-to-32 -Wenum-conversion -Wc++11-extensions -Wdouble-promotion -Wshadow -Wno-psabi -Wno-variadic-macros -Wno-long-long -fno-check-new -fno-common -fstrict-aliasing -Qunused-arguments -ansi  -arch x86_64 -isysroot /Library/Developer/CommandLineTools/SDKs/MacOSX11.3.sdk -mmacosx-version-min=11.2   -fopenmp -MD -MT CMakeFiles/cmTC_ba6ba.dir/src.cxx.o -MF CMakeFiles/cmTC_ba6ba.dir/src.cxx.o.d -o CMakeFiles/cmTC_ba6ba.dir/src.cxx.o -c /Users/suo/Desktop/proj_math458/PCSC-EigenvalueProblems/cmake-build-debug/CMakeFiles/CMakeTmp/src.cxx
clang: error: unsupported option '-fopenmp'
ninja: build stopped: subcommand failed.


Source file was:
int main() { return 0; }
Looking for a Fortran compiler failed with the following output:
-- The Fortran compiler identification is unknown
CMake Error at CMakeLists.txt:2 (project):
  No CMAKE_Fortran_COMPILER could be found.

  Tell CMake where to find the compiler by setting either the environment
  variable "FC" or the CMake cache entry CMAKE_Fortran_COMPILER to the full
  path to the compiler, or to the compiler name if it is in the PATH.


-- Configuring incomplete, errors occurred!
See also "/Users/suo/Desktop/proj_math458/PCSC-EigenvalueProblems/cmake-build-debug/eigen/test/CMakeFiles/CheckFortran/CMakeFiles/CMakeOutput.log".
See also "/Users/suo/Desktop/proj_math458/PCSC-EigenvalueProblems/cmake-build-debug/eigen/test/CMakeFiles/CheckFortran/CMakeFiles/CMakeError.log".

